TN:
SF:client/src/components/ui/aspect-ratio.tsx
FNF:0
FNH:0
DA:3,0
LF:1
LH:0
BRF:0
BRH:0
end_of_record
TN:
SF:client/src/components/ui/collapsible.tsx
FNF:0
FNH:0
DA:3,0
DA:5,0
DA:7,0
LF:3
LH:0
BRF:0
BRH:0
end_of_record
TN:
SF:client/src/hooks/use-mobile.tsx
FN:5,useIsMobile
FN:8,(anonymous_1)
FN:10,(anonymous_2)
FN:15,(anonymous_3)
FNF:4
FNH:0
FNDA:0,useIsMobile
FNDA:0,(anonymous_1)
FNDA:0,(anonymous_2)
FNDA:0,(anonymous_3)
DA:3,0
DA:6,0
DA:8,0
DA:9,0
DA:10,0
DA:11,0
DA:13,0
DA:14,0
DA:15,0
DA:18,0
LF:10
LH:0
BRF:0
BRH:0
end_of_record
TN:
SF:client/src/services/api/index.ts
FNF:0
FNH:0
LF:0
LH:0
BRF:0
BRH:0
end_of_record
TN:
SF:server/db.ts
FNF:0
FNH:0
DA:13,0
DA:16,0
DA:17,0
DA:26,0
DA:32,0
LF:5
LH:0
BRDA:16,0,0,0
BRDA:16,0,1,0
BRF:2
BRH:0
end_of_record
TN:
SF:server/llm_prompts.ts
FNF:0
FNH:0
DA:10,0
DA:115,0
DA:147,0
DA:174,0
DA:211,0
DA:220,0
DA:223,0
DA:230,0
DA:259,0
LF:9
LH:0
BRF:0
BRH:0
end_of_record
TN:
SF:server/simple-test.ts
FN:7,testContradiction
FN:20,(anonymous_1)
FNF:2
FNH:0
FNDA:0,testContradiction
FNDA:0,(anonymous_1)
DA:8,0
DA:9,0
DA:11,0
DA:12,0
DA:13,0
DA:15,0
DA:16,0
DA:17,0
DA:20,0
LF:9
LH:0
BRF:0
BRH:0
end_of_record
TN:
SF:server/test-contradiction.ts
FN:9,testContradictionDetection
FN:74,(anonymous_1)
FNF:2
FNH:0
FNDA:0,testContradictionDetection
FNDA:0,(anonymous_1)
DA:10,0
DA:13,0
DA:32,0
DA:51,0
DA:52,0
DA:53,0
DA:54,0
DA:55,0
DA:56,0
DA:57,0
DA:61,0
DA:62,0
DA:63,0
DA:64,0
DA:65,0
DA:66,0
DA:67,0
DA:70,0
DA:74,0
DA:75,0
LF:20
LH:0
BRF:0
BRH:0
end_of_record
TN:
SF:server/config/index.ts
FN:156,(anonymous_0)
FN:157,(anonymous_1)
FN:158,(anonymous_2)
FNF:3
FNH:0
FNDA:0,(anonymous_0)
FNDA:0,(anonymous_1)
FNDA:0,(anonymous_2)
DA:22,0
DA:47,0
DA:63,0
DA:73,0
DA:82,0
DA:96,0
DA:109,0
DA:132,0
DA:145,0
DA:156,0
DA:157,0
DA:158,0
LF:12
LH:0
BRDA:48,0,0,0
BRDA:48,0,1,0
BRDA:83,1,0,0
BRDA:83,1,1,0
BRDA:84,2,0,0
BRDA:84,2,1,0
BRF:6
BRH:0
end_of_record
TN:
SF:server/controllers/index.ts
FNF:0
FNH:0
DA:18,0
DA:19,0
DA:20,0
LF:3
LH:0
BRF:0
BRH:0
end_of_record
TN:
SF:server/examples/repository-example.ts
FN:10,userRepositoryExample
FN:34,projectRepositoryExample
FN:49,(anonymous_2)
FN:56,requirementRepositoryExample
FN:78,combinedRepositoryExample
FNF:5
FNH:0
FNDA:0,userRepositoryExample
FNDA:0,projectRepositoryExample
FNDA:0,(anonymous_2)
FNDA:0,requirementRepositoryExample
FNDA:0,combinedRepositoryExample
DA:12,0
DA:14,0
DA:16,0
DA:17,0
DA:20,0
DA:21,0
DA:24,0
DA:25,0
DA:29,0
DA:36,0
DA:38,0
DA:40,0
DA:41,0
DA:44,0
DA:45,0
DA:48,0
DA:49,0
DA:51,0
DA:58,0
DA:60,0
DA:62,0
DA:63,0
DA:66,0
DA:67,0
DA:70,0
DA:71,0
DA:73,0
DA:79,0
DA:80,0
DA:81,0
DA:83,0
DA:85,0
DA:86,0
DA:87,0
DA:88,0
DA:92,0
DA:93,0
DA:96,0
DA:97,0
DA:98,0
DA:101,0
LF:41
LH:0
BRDA:86,0,0,0
BRDA:86,0,1,0
BRF:2
BRH:0
end_of_record
TN:
SF:server/examples/run-repository-examples.ts
FN:14,runExamples
FN:32,(anonymous_1)
FN:36,(anonymous_2)
FNF:3
FNH:0
FNDA:0,runExamples
FNDA:0,(anonymous_1)
FNDA:0,(anonymous_2)
DA:15,0
DA:16,0
DA:18,0
DA:19,0
DA:21,0
DA:22,0
DA:24,0
DA:25,0
DA:27,0
DA:31,0
DA:33,0
DA:34,0
DA:37,0
DA:38,0
LF:14
LH:0
BRF:0
BRH:0
end_of_record
TN:
SF:server/repositories/index.ts
FNF:0
FNH:0
LF:0
LH:0
BRF:0
BRH:0
end_of_record
TN:
SF:server/repositories/adapters/index.ts
FNF:0
FNH:0
LF:0
LH:0
BRF:0
BRH:0
end_of_record
TN:
SF:server/routes/document-templates.ts
FN:9,(anonymous_0)
FN:13,(anonymous_1)
FN:24,(anonymous_2)
FN:30,(anonymous_3)
FN:34,(anonymous_4)
FN:45,(anonymous_5)
FN:68,(anonymous_6)
FN:97,(anonymous_7)
FN:124,(anonymous_8)
FN:153,(anonymous_9)
FN:169,(anonymous_10)
FN:200,(anonymous_11)
FN:227,(anonymous_12)
FN:248,(anonymous_13)
FN:274,(anonymous_14)
FNF:15
FNH:0
FNDA:0,(anonymous_0)
FNDA:0,(anonymous_1)
FNDA:0,(anonymous_2)
FNDA:0,(anonymous_3)
FNDA:0,(anonymous_4)
FNDA:0,(anonymous_5)
FNDA:0,(anonymous_6)
FNDA:0,(anonymous_7)
FNDA:0,(anonymous_8)
FNDA:0,(anonymous_9)
FNDA:0,(anonymous_10)
FNDA:0,(anonymous_11)
FNDA:0,(anonymous_12)
FNDA:0,(anonymous_13)
FNDA:0,(anonymous_14)
DA:6,0
DA:9,0
DA:10,0
DA:11,0
DA:13,0
DA:16,0
DA:18,0
DA:19,0
DA:24,0
DA:25,0
DA:26,0
DA:29,0
DA:30,0
DA:34,0
DA:37,0
DA:39,0
DA:40,0
DA:45,0
DA:46,0
DA:47,0
DA:49,0
DA:56,0
DA:57,0
DA:60,0
DA:62,0
DA:63,0
DA:68,0
DA:69,0
DA:70,0
DA:73,0
DA:74,0
DA:78,0
DA:79,0
DA:80,0
DA:83,0
DA:85,0
DA:86,0
DA:89,0
DA:91,0
DA:92,0
DA:97,0
DA:98,0
DA:99,0
DA:100,0
DA:103,0
DA:106,0
DA:112,0
DA:113,0
DA:116,0
DA:118,0
DA:119,0
DA:124,0
DA:125,0
DA:126,0
DA:129,0
DA:134,0
DA:139,0
DA:140,0
DA:143,0
DA:145,0
DA:146,0
DA:153,0
DA:154,0
DA:155,0
DA:157,0
DA:161,0
DA:163,0
DA:164,0
DA:169,0
DA:170,0
DA:171,0
DA:172,0
DA:175,0
DA:176,0
DA:180,0
DA:181,0
DA:182,0
DA:183,0
DA:186,0
DA:188,0
DA:189,0
DA:192,0
DA:194,0
DA:195,0
DA:200,0
DA:201,0
DA:202,0
DA:203,0
DA:206,0
DA:209,0
DA:215,0
DA:216,0
DA:219,0
DA:221,0
DA:222,0
DA:227,0
DA:228,0
DA:229,0
DA:231,0
DA:236,0
DA:237,0
DA:240,0
DA:242,0
DA:243,0
DA:248,0
DA:249,0
DA:250,0
DA:253,0
DA:257,0
DA:258,0
DA:262,0
DA:266,0
DA:268,0
DA:269,0
DA:274,0
DA:275,0
DA:278,0
DA:392,0
DA:394,0
DA:395,0
LF:120
LH:0
BRDA:56,0,0,0
BRDA:56,0,1,0
BRDA:73,1,0,0
BRDA:73,1,1,0
BRDA:73,2,0,0
BRDA:73,2,1,0
BRDA:85,3,0,0
BRDA:85,3,1,0
BRDA:112,4,0,0
BRDA:112,4,1,0
BRDA:139,5,0,0
BRDA:139,5,1,0
BRDA:175,6,0,0
BRDA:175,6,1,0
BRDA:175,7,0,0
BRDA:175,7,1,0
BRDA:175,7,2,0
BRDA:188,8,0,0
BRDA:188,8,1,0
BRDA:215,9,0,0
BRDA:215,9,1,0
BRDA:236,10,0,0
BRDA:236,10,1,0
BRDA:257,11,0,0
BRDA:257,11,1,0
BRF:25
BRH:0
end_of_record
TN:
SF:server/scripts/push-schema.ts
FN:5,pushSchema
FN:220,(anonymous_1)
FN:223,(anonymous_2)
FNF:3
FNH:0
FNDA:0,pushSchema
FNDA:0,(anonymous_1)
FNDA:0,(anonymous_2)
DA:6,0
DA:8,0
DA:10,0
DA:13,0
DA:16,0
DA:32,0
DA:35,0
DA:46,0
DA:49,0
DA:62,0
DA:65,0
DA:80,0
DA:83,0
DA:100,0
DA:103,0
DA:120,0
DA:123,0
DA:137,0
DA:140,0
DA:147,0
DA:150,0
DA:168,0
DA:171,0
DA:190,0
DA:193,0
DA:210,0
DA:212,0
DA:214,0
DA:215,0
DA:220,0
DA:221,0
DA:222,0
DA:224,0
DA:225,0
LF:34
LH:0
BRF:0
BRH:0
end_of_record
TN:
SF:server/services/index.ts
FNF:0
FNH:0
DA:19,0
DA:20,0
DA:21,0
LF:3
LH:0
BRF:0
BRH:0
end_of_record
